0 info it worked if it ends with ok
1 verbose cli [
1 verbose cli   '/home/aijaj/.nvm/versions/node/v16.15.0/bin/node',
1 verbose cli   '/home/aijaj/.nvm/versions/node/v16.15.0/bin/npm',
1 verbose cli   'i',
1 verbose cli   'sequelize-pg-bulkupdate'
1 verbose cli ]
2 info using npm@4.0.0
3 info using node@v16.15.0
4 silly loadCurrentTree Starting
5 silly install loadCurrentTree
6 silly install readLocalPackageData
7 verbose stack TypeError: cb.apply is not a function
7 verbose stack     at /home/aijaj/.nvm/versions/node/v16.15.0/lib/node_modules/npm/node_modules/graceful-fs/polyfills.js:267:18
7 verbose stack     at FSReqCallback.oncomplete (node:fs:199:5)
8 verbose cwd /home/aijaj/Desktop/dqs_india
9 error Linux 5.4.0-135-generic
10 error argv "/home/aijaj/.nvm/versions/node/v16.15.0/bin/node" "/home/aijaj/.nvm/versions/node/v16.15.0/bin/npm" "i" "sequelize-pg-bulkupdate"
11 error node v16.15.0
12 error npm  v4.0.0
13 error cb.apply is not a function
14 error If you need help, you may report this error at:
14 error     <https://github.com/npm/npm/issues>
15 verbose exit [ 1, true ]
